/*C1*/SET SCHEMA SYSTEM_LOBS
INSERT INTO BLOCKS VALUES(0,2147483647,0)
COMMIT
/*C2*/SET SCHEMA PUBLIC
DISCONNECT
/*C3*/SET SCHEMA PUBLIC
CREATE TABLE PUBLIC.ENTITYBUS\u000d\u000a(\u000d\u000a    EID INT PRIMARY KEY,\u000d\u000a    ENUMBER VARCHAR(255)\u000d\u000a)
CREATE TABLE PUBLIC.BUS\u000d\u000a(\u000d\u000a    ID INT PRIMARY KEY,\u000d\u000a    NUMBER VARCHAR(255)\u000d\u000a)
CREATE TABLE NAMINGSTRTEST\u000d\u000a(\u000d\u000a    ID INT PRIMARY KEY,\u000d\u000a    NUMBER VARCHAR(255)\u000d\u000a)
INSERT INTO ENTITYBUS VALUES(1,'1ENTITYBUS')
COMMIT
INSERT INTO ENTITYBUS VALUES(2,'2ENTITYBUS')
COMMIT
INSERT INTO BUS VALUES(1,'1BUS')
COMMIT
INSERT INTO BUS VALUES(2,'2BUS')
COMMIT
INSERT INTO NAMINGSTRTEST VALUES(1,'1NAMINGSTRTEST')
COMMIT
INSERT INTO NAMINGSTRTEST VALUES(2,'2NAMINGSTRTEST')
COMMIT
/*C4*/SET SCHEMA PUBLIC
DISCONNECT
/*C3*/DISCONNECT
